<?xml version="1.0" encoding="UTF-8"?>
<!-- Generated by org.testng.reporters.JUnitXMLReporter -->
<testsuite hostname="DESKTOP-EE399L2" name="Test" tests="1" failures="1" timestamp="24 Jul 2020 09:43:57 GMT" time="12.181" errors="0">
  <testcase name="USDnotforProfitNavigation" time="11.326" classname="td_businessbanking.USDnotforprofitTC">
    <failure type="junit.framework.ComparisonFailure" message="null expected:&amp;lt;N/[A]&amp;gt; but was:&amp;lt;N/[]&amp;gt;">
      <![CDATA[junit.framework.ComparisonFailure: null expected:<N/[A]> but was:<N/[]>
	at junit.framework.Assert.assertEquals(Assert.java:81)
	at junit.framework.Assert.assertEquals(Assert.java:87)
	at td_businessbanking.USDnotforprofitTC.USDnotforProfitNavigation(USDnotforprofitTC.java:40)
	at java.util.concurrent.FutureTask.run(Unknown Source)
	at java.util.concurrent.ThreadPoolExecutor.runWorker(Unknown Source)
	at java.util.concurrent.ThreadPoolExecutor$Worker.run(Unknown Source)
	at java.lang.Thread.run(Unknown Source)
... Removed 16 stack frames]]>
    </failure>
  </testcase> <!-- USDnotforProfitNavigation -->
</testsuite> <!-- Test -->
