<?xml version="1.0" encoding="UTF-8"?>
<testng-results skipped="0" failed="0" total="1" passed="1">
  <reporter-output>
  </reporter-output>
  <suite name="Suite" duration-ms="11686" started-at="2020-07-23T02:33:50Z" finished-at="2020-07-23T02:34:01Z">
    <groups>
    </groups>
    <test name="Test" duration-ms="11686" started-at="2020-07-23T02:33:50Z" finished-at="2020-07-23T02:34:01Z">
      <class name="td_businessbanking.USDnotforprofitTC">
        <test-method status="PASS" signature="USDnotforProfitNavigation()[pri:0, instance:td_businessbanking.USDnotforprofitTC@61009542]" name="USDnotforProfitNavigation" duration-ms="11666" started-at="2020-07-22T19:33:50Z" finished-at="2020-07-22T19:34:01Z">
          <reporter-output>
          </reporter-output>
        </test-method> <!-- USDnotforProfitNavigation -->
      </class> <!-- td_businessbanking.USDnotforprofitTC -->
    </test> <!-- Test -->
  </suite> <!-- Suite -->
</testng-results>
