<?xml version="1.0" encoding="UTF-8"?>
<testng-results skipped="0" failed="0" total="1" passed="1">
  <reporter-output>
  </reporter-output>
  <suite name="Suite" duration-ms="8929" started-at="2020-07-30T20:03:30Z" finished-at="2020-07-30T20:03:39Z">
    <groups>
      <group name="cucumber">
        <method signature="AbstractTestNGCucumberTests.feature(cucumber.api.testng.CucumberFeatureWrapper)[pri:0, instance:cucumberoptions.TestRunner@1189dd52]" name="feature" class="cucumber.api.testng.AbstractTestNGCucumberTests"/>
      </group> <!-- cucumber -->
    </groups>
    <test name="Test" duration-ms="8929" started-at="2020-07-30T20:03:30Z" finished-at="2020-07-30T20:03:39Z">
      <class name="cucumberoptions.TestRunner">
        <test-method status="PASS" signature="setUpClass()[pri:0, instance:cucumberoptions.TestRunner@1189dd52]" name="setUpClass" is-config="true" duration-ms="200" started-at="2020-07-30T13:03:30Z" finished-at="2020-07-30T13:03:31Z">
          <reporter-output>
          </reporter-output>
        </test-method> <!-- setUpClass -->
        <test-method status="PASS" signature="feature(cucumber.api.testng.CucumberFeatureWrapper)[pri:0, instance:cucumberoptions.TestRunner@1189dd52]" name="feature" duration-ms="8647" started-at="2020-07-30T13:03:31Z" description="Runs Cucumber Feature" data-provider="features" finished-at="2020-07-30T13:03:39Z">
          <params>
            <param index="0">
              <value>
                <![CDATA[USD not for profit product page]]>
              </value>
            </param>
          </params>
          <reporter-output>
          </reporter-output>
        </test-method> <!-- feature -->
        <test-method status="PASS" signature="tearDownClass()[pri:0, instance:cucumberoptions.TestRunner@1189dd52]" name="tearDownClass" is-config="true" duration-ms="4" started-at="2020-07-30T13:03:39Z" finished-at="2020-07-30T13:03:39Z">
          <reporter-output>
          </reporter-output>
        </test-method> <!-- tearDownClass -->
      </class> <!-- cucumberoptions.TestRunner -->
    </test> <!-- Test -->
  </suite> <!-- Suite -->
</testng-results>
